Using pre-set license
Built from '2021.3/staging' branch; Version is '2021.3.19f1 (c9714fde33b6) revision 13201743'; Using compiler version '192829333'; Build Type 'Release'
OS: 'Windows 10  (10.0.19045) 64bit Professional' Language: 'tr' Physical Memory: 7954 MB
BatchMode: 1, IsHumanControllingUs: 0, StartBugReporterOnCrash: 0, Is64bit: 1, IsPro: 1

COMMAND LINE ARGUMENTS:
C:\Program Files\Unity\Hub\Editor\2021.3.19f1\Editor\Unity.exe
-adb2
-batchMode
-noUpm
-name
AssetImportWorker0
-projectPath
C:/Users/burha/Desktop/Battle Royale Mobile Game
-logFile
Logs/AssetImportWorker0.log
-srvPort
58476
Successfully changed project path to: C:/Users/burha/Desktop/Battle Royale Mobile Game
C:/Users/burha/Desktop/Battle Royale Mobile Game
[UnityMemory] Configuration Parameters - Can be set up in boot.config
    "memorysetup-bucket-allocator-granularity=16"
    "memorysetup-bucket-allocator-bucket-count=8"
    "memorysetup-bucket-allocator-block-size=33554432"
    "memorysetup-bucket-allocator-block-count=8"
    "memorysetup-main-allocator-block-size=16777216"
    "memorysetup-thread-allocator-block-size=16777216"
    "memorysetup-gfx-main-allocator-block-size=16777216"
    "memorysetup-gfx-thread-allocator-block-size=16777216"
    "memorysetup-cache-allocator-block-size=4194304"
    "memorysetup-typetree-allocator-block-size=2097152"
    "memorysetup-profiler-bucket-allocator-granularity=16"
    "memorysetup-profiler-bucket-allocator-bucket-count=8"
    "memorysetup-profiler-bucket-allocator-block-size=33554432"
    "memorysetup-profiler-bucket-allocator-block-count=8"
    "memorysetup-profiler-allocator-block-size=16777216"
    "memorysetup-profiler-editor-allocator-block-size=1048576"
    "memorysetup-temp-allocator-size-main=16777216"
    "memorysetup-job-temp-allocator-block-size=2097152"
    "memorysetup-job-temp-allocator-block-size-background=1048576"
    "memorysetup-job-temp-allocator-reduction-small-platforms=262144"
    "memorysetup-temp-allocator-size-background-worker=32768"
    "memorysetup-temp-allocator-size-job-worker=262144"
    "memorysetup-temp-allocator-size-preload-manager=33554432"
    "memorysetup-temp-allocator-size-nav-mesh-worker=65536"
    "memorysetup-temp-allocator-size-audio-worker=65536"
    "memorysetup-temp-allocator-size-cloud-worker=32768"
    "memorysetup-temp-allocator-size-gi-baking-worker=262144"
    "memorysetup-temp-allocator-size-gfx=262144"
Player connection [20684] Host "[IP] 192.168.10.237 [Port] 0 [Flags] 2 [Guid] 3192011508 [EditorId] 3192011508 [Version] 1048832 [Id] WindowsEditor(7,DESKTOP-11CAV81) [Debug] 1 [PackageName] WindowsEditor [ProjectName] Editor" joined multi-casting on [225.0.0.222:54997]...

Player connection [20684] Host "[IP] 192.168.10.237 [Port] 0 [Flags] 2 [Guid] 3192011508 [EditorId] 3192011508 [Version] 1048832 [Id] WindowsEditor(7,DESKTOP-11CAV81) [Debug] 1 [PackageName] WindowsEditor [ProjectName] Editor" joined alternative multi-casting on [225.0.0.222:34997]...

Refreshing native plugins compatible for Editor in 153.47 ms, found 3 plugins.
Preloading 0 native plugins for Editor in 0.00 ms.
Initialize engine version: 2021.3.19f1 (c9714fde33b6)
[Subsystems] Discovering subsystems at path C:/Program Files/Unity/Hub/Editor/2021.3.19f1/Editor/Data/Resources/UnitySubsystems
[Subsystems] Discovering subsystems at path C:/Users/burha/Desktop/Battle Royale Mobile Game/Assets
GfxDevice: creating device client; threaded=0; jobified=0
Direct3D:
    Version:  Direct3D 11.0 [level 11.1]
    Renderer: NVIDIA GeForce GTX 1650 with Max-Q Design (ID=0x1f9d)
    Vendor:   NVIDIA
    VRAM:     3950 MB
    Driver:   31.0.15.3141
Shader 'WFX/Transparent Diffuse': fallback shader 'Particles/Alpha Blended' not found
Shader 'WFX/Transparent Specular': fallback shader 'Particles/Alpha Blended' not found
Initialize mono
Mono path[0] = 'C:/Program Files/Unity/Hub/Editor/2021.3.19f1/Editor/Data/Managed'
Mono path[1] = 'C:/Program Files/Unity/Hub/Editor/2021.3.19f1/Editor/Data/MonoBleedingEdge/lib/mono/unityjit-win32'
Mono config path = 'C:/Program Files/Unity/Hub/Editor/2021.3.19f1/Editor/Data/MonoBleedingEdge/etc'
Using monoOptions --debugger-agent=transport=dt_socket,embedding=1,server=y,suspend=n,address=127.0.0.1:56932
Begin MonoManager ReloadAssembly
Registering precompiled unity dll's ...
Register platform support module: C:/Program Files/Unity/Hub/Editor/2021.3.19f1/Editor/Data/PlaybackEngines/AndroidPlayer/UnityEditor.Android.Extensions.dll
Register platform support module: C:/Program Files/Unity/Hub/Editor/2021.3.19f1/Editor/Data/PlaybackEngines/WindowsStandaloneSupport/UnityEditor.WindowsStandalone.Extensions.dll
Registered in 0.011697 seconds.
Native extension for WindowsStandalone target not found
Native extension for Android target not found
Android Extension - Scanning For ADB Devices 353 ms
Refreshing native plugins compatible for Editor in 174.10 ms, found 3 plugins.
Preloading 0 native plugins for Editor in 0.00 ms.
Mono: successfully reloaded assembly
- Completed reload, in  1.495 seconds
Domain Reload Profiling:
	ReloadAssembly (1496ms)
		BeginReloadAssembly (120ms)
			ExecutionOrderSort (0ms)
			DisableScriptedObjects (0ms)
			BackupInstance (0ms)
			ReleaseScriptingObjects (0ms)
			CreateAndSetChildDomain (1ms)
		EndReloadAssembly (1186ms)
			LoadAssemblies (117ms)
			RebuildTransferFunctionScriptingTraits (0ms)
			SetupTypeCache (179ms)
			ReleaseScriptCaches (0ms)
			RebuildScriptCaches (47ms)
			SetupLoadedEditorAssemblies (877ms)
				LogAssemblyErrors (0ms)
				InitializePlatformSupportModulesInManaged (468ms)
				SetLoadedEditorAssemblies (0ms)
				RefreshPlugins (174ms)
				BeforeProcessingInitializeOnLoad (3ms)
				ProcessInitializeOnLoadAttributes (163ms)
				ProcessInitializeOnLoadMethodAttributes (68ms)
				AfterProcessingInitializeOnLoad (0ms)
				EditorAssembliesLoaded (0ms)
			ExecutionOrderSort2 (0ms)
			AwakeInstancesAfterBackupRestoration (0ms)
Platform modules already initialized, skipping
Registering precompiled user dll's ...
Registered in 0.008528 seconds.
Begin MonoManager ReloadAssembly
Symbol file LoadedFromMemory doesn't match image C:\Users\burha\Desktop\Battle Royale Mobile Game\Library\PackageCache\com.unity.visualscripting@1.8.0\Editor\VisualScripting.Core\Dependencies\YamlDotNet\Unity.VisualScripting.YamlDotNet.dll
Symbol file LoadedFromMemory doesn't match image C:\Users\burha\Desktop\Battle Royale Mobile Game\Library\PackageCache\com.unity.visualscripting@1.8.0\Editor\VisualScripting.Core\Dependencies\DotNetZip\Unity.VisualScripting.IonicZip.dll
Native extension for WindowsStandalone target not found
Native extension for Android target not found
Refreshing native plugins compatible for Editor in 1.17 ms, found 3 plugins.
Preloading 0 native plugins for Editor in 0.00 ms.
Mono: successfully reloaded assembly
- Completed reload, in  1.712 seconds
Domain Reload Profiling:
	ReloadAssembly (1714ms)
		BeginReloadAssembly (187ms)
			ExecutionOrderSort (0ms)
			DisableScriptedObjects (10ms)
			BackupInstance (0ms)
			ReleaseScriptingObjects (0ms)
			CreateAndSetChildDomain (28ms)
		EndReloadAssembly (1321ms)
			LoadAssemblies (142ms)
			RebuildTransferFunctionScriptingTraits (0ms)
			SetupTypeCache (458ms)
			ReleaseScriptCaches (1ms)
			RebuildScriptCaches (91ms)
			SetupLoadedEditorAssemblies (572ms)
				LogAssemblyErrors (0ms)
				InitializePlatformSupportModulesInManaged (33ms)
				SetLoadedEditorAssemblies (1ms)
				RefreshPlugins (1ms)
				BeforeProcessingInitializeOnLoad (135ms)
				ProcessInitializeOnLoadAttributes (358ms)
				ProcessInitializeOnLoadMethodAttributes (32ms)
				AfterProcessingInitializeOnLoad (12ms)
				EditorAssembliesLoaded (0ms)
			ExecutionOrderSort2 (0ms)
			AwakeInstancesAfterBackupRestoration (9ms)
Platform modules already initialized, skipping
========================================================================
Worker process is ready to serve import requests
Shader 'WFX/Transparent Diffuse': fallback shader 'Particles/Alpha Blended' not found
Shader 'WFX/Transparent Specular': fallback shader 'Particles/Alpha Blended' not found
Launched and connected shader compiler UnityShaderCompiler.exe after 0.06 seconds
Refreshing native plugins compatible for Editor in 1.79 ms, found 3 plugins.
Preloading 0 native plugins for Editor in 0.00 ms.
Unloading 3156 Unused Serialized files (Serialized files now loaded: 0)
Unloading 22 unused Assets / (56.3 KB). Loaded Objects now: 3642.
Memory consumption went from 124.9 MB to 124.8 MB.
Total: 4.213700 ms (FindLiveObjects: 0.389500 ms CreateObjectMapping: 0.311500 ms MarkObjects: 3.400500 ms  DeleteObjects: 0.110800 ms)

AssetImportParameters requested are different than current active one (requested -> active):
  custom:video-decoder-ogg-theora: a1e56fd34408186e4bbccfd4996cb3dc -> 
  custom:container-muxer-webm: aa71ff27fc2769a1b78a27578f13a17b -> 
  custom:container-demuxer-webm: 4f35f7cbe854078d1ac9338744f61a02 -> 
  custom:video-encoder-webm-vp8: eb34c28f22e8b96e1ab97ce403110664 -> 
  custom:audio-encoder-webm-vorbis: bf7c407c2cedff20999df2af8eb42d56 -> 
  custom:framework-win-MediaFoundation: 216162199b28c13a410421893ffa2e32 -> 
  custom:container-demuxer-ogg: 62fdf1f143b41e24485cea50d1cbac27 -> 
  custom:video-decoder-webm-vp8: 9c59270c3fd7afecdb556c50c9e8de78 -> 
  custom:audio-decoder-ogg-vorbis: bf7c407c2cedff20999df2af8eb42d56 -> 
========================================================================
Received Import Request.
  Time since last request: 256213.797387 seconds.
  path: Assets/animations/karakteranimasyonkontrolleri.controller
  artifactKey: Guid(e8c1785b446be994b8470f924ab2f60a) Importer(815301076,1909f56bfc062723c751e8b465ee728b)
Start importing Assets/animations/karakteranimasyonkontrolleri.controller using Guid(e8c1785b446be994b8470f924ab2f60a) Importer(815301076,1909f56bfc062723c751e8b465ee728b)  -> (artifact id: '8cd8a465e9feb3ab8aa2964d53140f67') in 0.076883 seconds 
========================================================================
Received Import Request.
  Time since last request: 0.000036 seconds.
  path: Assets/Gold_Coin/Prefabs/Coin_02.prefab
  artifactKey: Guid(41523479f4c4f714ebfc031f9b9c7f09) Importer(815301076,1909f56bfc062723c751e8b465ee728b)
Start importing Assets/Gold_Coin/Prefabs/Coin_02.prefab using Guid(41523479f4c4f714ebfc031f9b9c7f09) Importer(815301076,1909f56bfc062723c751e8b465ee728b)  -> (artifact id: '3b2517a0b96f308371f391dda2da9131') in 0.303547 seconds 
========================================================================
Received Import Request.
  Time since last request: 0.000030 seconds.
  path: Assets/Gold_Coin/Prefabs/Coin_04.prefab
  artifactKey: Guid(19826bb69e0c37a4ba8a5b75d5da9a70) Importer(815301076,1909f56bfc062723c751e8b465ee728b)
Start importing Assets/Gold_Coin/Prefabs/Coin_04.prefab using Guid(19826bb69e0c37a4ba8a5b75d5da9a70) Importer(815301076,1909f56bfc062723c751e8b465ee728b)  -> (artifact id: 'a2b1ec83f9e5c4ae2b6cd0098bf5b7e8') in 0.149955 seconds 
========================================================================
Received Import Request.
  Time since last request: 2.820755 seconds.
  path: Assets/Gold_Coin/Meshes/low.fbx
  artifactKey: Guid(106e5917fb18e444caf9c05c37681c04) Importer(815301076,1909f56bfc062723c751e8b465ee728b)
Start importing Assets/Gold_Coin/Meshes/low.fbx using Guid(106e5917fb18e444caf9c05c37681c04) Importer(815301076,1909f56bfc062723c751e8b465ee728b)  -> (artifact id: '11e520cdd95720175bff7e814d287685') in 0.157825 seconds 
========================================================================
Received Import Request.
  Time since last request: 1.489679 seconds.
  path: Assets/Gold_Coin/Scenes/Demo.unity
  artifactKey: Guid(5d85c226eb9cd1640b7a89a15157d160) Importer(815301076,1909f56bfc062723c751e8b465ee728b)
Start importing Assets/Gold_Coin/Scenes/Demo.unity using Guid(5d85c226eb9cd1640b7a89a15157d160) Importer(815301076,1909f56bfc062723c751e8b465ee728b)  -> (artifact id: '06bd8717903a1f6dbd1e6975dae9969e') in 0.017371 seconds 
========================================================================
Received Import Request.
  Time since last request: 20.838624 seconds.
  path: Assets/Scenes/level 3.unity
  artifactKey: Guid(e0007c6fe9e9f6d4faa775d261727fe8) Importer(815301076,1909f56bfc062723c751e8b465ee728b)
Start importing Assets/Scenes/level 3.unity using Guid(e0007c6fe9e9f6d4faa775d261727fe8) Importer(815301076,1909f56bfc062723c751e8b465ee728b)  -> (artifact id: '5c0293a954392a5f5cd12db80e6bdc53') in 0.015928 seconds 
